<?xml version="1.0" encoding="UTF-8"?>
<!-- Generated by org.testng.reporters.JUnitXMLReporter -->
<testsuite hostname="DESKTOP-08P06U8" ignored="0" name="ChromeTest" tests="9" failures="0" timestamp="2020-04-01T00:59:35 CEST" time="320.605" errors="0">
  <testcase name="enterTest" time="1.295" classname="tests.EnterStoreTest"/>
  <testcase name="linkToRightPageTest" time="2.302" classname="tests.PetStoreMenuTest"/>
  <testcase name="topMenuContentTest" time="2.068" classname="tests.PetStoreMenuTest"/>
  <testcase name="verifyUrlTest" time="30.194" classname="tests.PetStoreMenuTest"/>
  <testcase name="fillInFormTest" time="179.182" classname="tests.RegistrationTest"/>
  <testcase name="SignInTest" time="40.033" classname="tests.SignInTest"/>
  <testcase name="addToCartTest" time="4.698" classname="tests.CartTest"/>
  <testcase name="totalCostTest" time="0.269" classname="tests.CartTest"/>
  <testcase name="clearCookiesTest" time="4.284" classname="tests.CartTest"/>
</testsuite> <!-- ChromeTest -->
